TN:
SF:src/constants.ts
FNF:1
FNH:1
DA:2,36
DA:5,42
DA:8,55
DA:11,37
DA:14,43
DA:15,41
DA:16,40
DA:17,47
DA:20,33
DA:21,43
DA:22,37
LF:23
LH:11
end_of_record
TN:
SF:src/lib/hub-api.ts
FNF:23
FNH:14
DA:1,39
DA:2,37
DA:3,47
DA:13,37
DA:15,0
DA:16,0
DA:17,0
DA:18,0
DA:19,0
DA:20,0
DA:21,2
DA:24,39
DA:25,30
DA:26,32
DA:28,56
DA:30,23
DA:31,20
DA:32,0
DA:34,0
DA:35,0
DA:37,0
DA:39,0
DA:41,1
DA:44,1
DA:45,9
DA:46,5
DA:47,16
DA:48,15
DA:49,12
DA:50,3
DA:51,30
DA:52,36
DA:54,56
DA:56,23
DA:57,20
DA:58,0
DA:60,0
DA:61,0
DA:63,0
DA:64,0
DA:65,0
DA:66,0
DA:68,0
DA:70,0
DA:71,0
DA:72,0
DA:74,0
DA:75,0
DA:76,0
DA:77,0
DA:78,0
DA:79,0
DA:80,0
DA:82,0
DA:83,0
DA:84,0
DA:85,0
DA:86,0
DA:87,0
DA:89,0
DA:90,0
DA:91,0
DA:92,0
DA:93,0
DA:94,0
DA:96,0
DA:97,0
DA:98,0
DA:99,0
DA:100,0
DA:101,0
DA:102,0
DA:103,0
DA:105,0
DA:107,1
DA:110,0
DA:111,0
DA:112,0
DA:113,0
DA:114,0
DA:115,0
DA:116,0
DA:117,0
DA:118,0
DA:119,0
DA:120,0
DA:121,0
DA:122,0
DA:123,0
DA:124,0
DA:125,2
DA:129,40
DA:130,9
DA:132,36
DA:133,51
DA:134,8
DA:135,6
DA:136,41
DA:137,19
DA:138,4
DA:140,14
DA:141,0
DA:142,4
DA:144,35
DA:146,61
DA:148,20
DA:149,18
DA:151,59
DA:152,39
DA:154,15
DA:155,18
DA:157,55
DA:158,39
DA:160,12
DA:161,18
DA:163,55
DA:164,39
DA:166,41
DA:167,10
DA:168,15
DA:169,18
DA:170,13
DA:171,10
DA:172,27
DA:173,16
DA:174,6
DA:176,32
DA:177,0
DA:178,0
DA:179,0
DA:180,0
DA:181,0
DA:182,0
DA:183,2
DA:187,41
DA:188,42
DA:189,47
DA:191,17
DA:194,42
DA:195,9
DA:196,44
DA:197,60
DA:198,10
DA:199,6
DA:200,2
DA:201,6
DA:202,52
DA:203,0
DA:204,0
DA:205,0
DA:206,0
DA:207,0
DA:208,0
DA:209,2
DA:213,0
DA:214,0
DA:215,0
DA:216,0
DA:217,0
DA:218,0
DA:219,0
DA:220,0
DA:221,0
DA:222,0
DA:223,0
DA:224,0
DA:225,0
DA:226,0
DA:227,0
DA:228,0
DA:229,0
DA:230,0
DA:231,0
DA:232,0
DA:233,0
DA:234,0
DA:235,0
DA:236,0
DA:237,0
DA:238,2
DA:242,0
DA:243,0
DA:244,0
DA:245,0
DA:246,0
DA:247,0
DA:248,0
DA:249,0
DA:250,0
DA:251,0
DA:252,0
DA:253,0
DA:254,0
DA:255,0
DA:256,0
DA:257,0
DA:258,0
DA:259,0
DA:260,0
DA:261,0
DA:262,0
DA:263,0
DA:264,0
DA:265,0
DA:266,0
DA:267,0
DA:268,0
DA:269,0
DA:270,0
DA:271,0
DA:272,0
DA:273,0
DA:274,0
DA:275,0
DA:276,0
DA:277,0
DA:278,0
DA:279,0
DA:280,0
DA:281,0
DA:282,0
DA:283,0
DA:284,0
DA:285,0
DA:286,1
LF:289
LH:78
end_of_record
TN:
SF:src/lib/hydration.ts
FNF:3
FNH:0
DA:2,44
DA:3,45
DA:4,51
DA:6,0
DA:7,0
DA:8,0
DA:9,0
DA:10,0
DA:11,0
DA:12,0
DA:13,0
DA:14,0
DA:15,0
DA:16,0
DA:17,0
DA:18,0
DA:19,0
DA:20,0
DA:21,0
DA:22,0
DA:23,0
DA:24,0
DA:25,2
DA:28,0
DA:29,0
DA:30,0
DA:31,0
DA:32,0
DA:33,0
DA:34,0
DA:35,0
DA:36,0
DA:37,0
DA:38,0
DA:39,0
DA:40,0
DA:41,0
DA:42,0
DA:43,0
DA:44,0
DA:45,0
DA:46,0
DA:47,0
DA:48,0
DA:49,0
DA:50,0
DA:51,0
DA:52,0
DA:53,0
DA:54,0
DA:55,0
DA:56,2
DA:59,0
DA:60,0
DA:61,0
DA:62,0
DA:63,0
DA:64,0
DA:65,0
DA:66,0
DA:67,0
DA:68,0
DA:69,0
DA:70,0
DA:71,0
DA:72,0
DA:73,0
DA:74,0
DA:75,0
DA:76,0
DA:77,0
DA:78,0
DA:79,0
DA:80,0
DA:81,0
DA:82,0
DA:83,0
DA:84,0
DA:85,0
DA:86,0
DA:87,0
DA:88,0
DA:89,0
DA:90,0
DA:91,0
DA:92,0
DA:93,0
DA:94,0
DA:95,0
DA:96,0
DA:97,0
DA:98,0
DA:99,0
DA:100,0
DA:101,0
DA:102,0
DA:103,0
DA:104,0
DA:105,0
DA:106,0
DA:107,0
DA:108,0
DA:109,1
LF:111
LH:6
end_of_record
TN:
SF:src/lib/mutuals.ts
FNF:6
FNH:3
DA:1,39
DA:2,49
DA:3,46
DA:4,83
DA:6,35
DA:7,45
DA:8,32
DA:11,0
DA:12,0
DA:13,0
DA:14,0
DA:15,0
DA:16,0
DA:17,0
DA:18,0
DA:19,0
DA:20,2
DA:23,0
DA:24,0
DA:25,0
DA:26,0
DA:27,0
DA:28,0
DA:29,0
DA:30,0
DA:31,2
DA:34,0
DA:35,0
DA:36,0
DA:37,0
DA:38,0
DA:39,0
DA:40,0
DA:41,0
DA:42,0
DA:43,0
DA:44,1
LF:46
LH:10
end_of_record
TN:
SF:src/lib/postgres.ts
FNF:12
FNH:3
DA:1,32
DA:2,42
DA:3,33
DA:4,39
DA:5,66
DA:7,35
DA:39,22
DA:41,18
DA:42,21
DA:43,67
DA:44,31
DA:45,76
DA:46,5
DA:47,2
DA:48,19
DA:51,28
DA:52,26
DA:54,0
DA:55,0
DA:56,0
DA:57,2
DA:60,0
DA:61,0
DA:62,0
DA:63,0
DA:64,0
DA:65,0
DA:66,0
DA:67,0
DA:68,0
DA:69,0
DA:70,0
DA:71,0
DA:72,2
DA:76,0
DA:77,0
DA:78,0
DA:79,0
DA:80,0
DA:81,0
DA:82,0
DA:83,0
DA:84,0
DA:85,0
DA:86,0
DA:87,0
DA:88,0
DA:89,0
DA:90,0
DA:91,0
DA:92,0
DA:93,0
DA:94,0
DA:95,0
DA:96,0
DA:97,0
DA:98,0
DA:99,0
DA:100,0
DA:101,2
DA:104,0
DA:105,0
DA:106,0
DA:107,0
DA:108,0
DA:109,0
DA:110,0
DA:111,0
DA:112,0
DA:113,2
DA:116,0
DA:117,0
DA:118,0
DA:119,0
DA:120,0
DA:121,0
DA:122,0
DA:123,0
DA:124,2
DA:127,0
DA:128,0
DA:129,0
DA:130,0
DA:131,0
DA:132,0
DA:133,0
DA:134,0
DA:135,0
DA:136,0
DA:137,0
DA:138,0
DA:139,0
DA:140,0
DA:141,0
DA:142,0
DA:143,0
DA:144,0
DA:145,0
DA:146,0
DA:147,0
DA:148,0
DA:149,0
DA:150,0
DA:151,0
DA:152,2
DA:155,0
DA:156,0
DA:157,0
DA:158,0
DA:159,0
DA:160,0
DA:161,0
DA:162,0
DA:163,0
DA:164,0
DA:165,0
DA:166,0
DA:167,0
DA:168,0
DA:169,0
DA:170,0
DA:171,0
DA:172,0
DA:173,0
DA:174,0
DA:175,0
DA:176,0
DA:177,0
DA:178,0
DA:179,0
DA:180,0
DA:181,0
DA:182,0
DA:183,0
DA:184,0
DA:185,0
DA:186,0
DA:187,0
DA:188,0
DA:189,0
DA:190,2
DA:193,0
DA:194,0
DA:195,0
DA:196,0
DA:197,0
DA:198,0
DA:199,0
DA:200,0
DA:201,0
DA:202,0
DA:203,0
DA:204,0
DA:205,0
DA:206,0
DA:207,0
DA:208,0
DA:209,0
DA:210,0
DA:211,0
DA:212,2
DA:215,40
DA:216,27
DA:217,22
DA:218,23
DA:219,25
DA:220,31
DA:221,9
DA:222,5
DA:223,22
DA:224,23
DA:225,25
DA:226,30
DA:227,2
DA:228,12
DA:230,16
DA:233,0
DA:234,0
DA:235,0
DA:236,0
DA:237,0
DA:238,0
DA:239,1
LF:240
LH:41
end_of_record
TN:
SF:src/lib/pro-nft.ts
FNF:2
FNH:0
DA:1,32
DA:2,42
DA:3,39
DA:4,43
DA:5,43
DA:20,22
DA:21,0
DA:22,0
DA:23,0
DA:24,0
DA:25,0
DA:26,0
DA:27,0
DA:28,0
DA:29,0
DA:30,0
DA:31,0
DA:32,0
DA:33,2
DA:42,0
DA:43,0
DA:44,0
DA:45,0
DA:46,0
DA:47,0
DA:48,0
DA:49,0
DA:50,0
DA:51,0
DA:52,0
DA:53,0
DA:54,0
DA:55,0
DA:56,0
DA:57,0
DA:58,0
DA:59,0
DA:60,0
DA:61,0
DA:62,0
DA:63,0
DA:64,0
DA:65,0
DA:66,0
DA:67,0
DA:68,0
DA:69,0
DA:70,0
DA:71,0
DA:72,0
DA:73,0
DA:74,0
DA:75,0
DA:76,0
DA:77,0
DA:78,0
DA:79,0
DA:80,0
DA:81,0
DA:82,0
DA:83,0
DA:84,0
DA:85,0
DA:86,0
DA:87,0
DA:88,0
DA:89,0
DA:90,0
DA:91,0
DA:92,1
LF:94
LH:8
end_of_record
TN:
SF:src/lib/redis.ts
FNF:2
FNH:2
DA:1,39
DA:2,39
DA:4,40
DA:5,35
DA:6,34
DA:7,40
DA:8,38
DA:11,25
DA:13,21
DA:14,24
DA:15,10
DA:16,36
DA:17,35
DA:18,6
DA:19,10
DA:20,38
DA:21,37
DA:22,6
DA:23,33
DA:24,52
DA:25,53
DA:26,5
DA:27,2
DA:28,22
DA:31,20
LF:32
LH:25
end_of_record
TN:
SF:src/lib/util.ts
FNF:3
FNH:0
DA:1,0
DA:2,0
DA:3,0
DA:4,0
DA:5,2
DA:8,0
DA:9,2
DA:12,0
DA:13,1
LF:15
LH:3
end_of_record
TN:
SF:src/lib/warpcast.ts
FNF:5
FNH:0
DA:1,39
DA:2,31
DA:4,58
DA:6,37
DA:8,67
DA:45,0
DA:46,0
DA:47,0
DA:48,0
DA:49,0
DA:50,0
DA:51,0
DA:52,0
DA:53,0
DA:54,0
DA:55,0
DA:56,0
DA:57,0
DA:58,0
DA:59,0
DA:60,0
DA:61,0
DA:62,0
DA:63,0
DA:64,0
DA:65,0
DA:66,0
DA:67,0
DA:68,0
DA:69,0
DA:70,0
DA:71,2
DA:74,0
DA:75,0
DA:76,0
DA:77,0
DA:78,0
DA:79,0
DA:80,0
DA:81,0
DA:82,0
DA:83,0
DA:84,0
DA:85,0
DA:86,0
DA:87,0
DA:88,0
DA:89,0
DA:90,0
DA:91,0
DA:92,0
DA:93,2
DA:97,0
DA:98,0
DA:99,0
DA:100,0
DA:101,0
DA:102,0
DA:103,0
DA:104,0
DA:105,0
DA:106,0
DA:107,0
DA:108,0
DA:109,0
DA:110,0
DA:111,0
DA:112,0
DA:113,0
DA:114,0
DA:115,0
DA:116,0
DA:117,0
DA:118,0
DA:119,0
DA:120,0
DA:121,0
DA:122,0
DA:123,0
DA:124,0
DA:125,0
DA:126,2
DA:130,0
DA:131,0
DA:132,0
DA:133,0
DA:134,0
DA:135,0
DA:136,0
DA:137,0
DA:138,0
DA:139,0
DA:140,0
DA:141,0
DA:142,0
DA:143,0
DA:144,0
DA:145,0
DA:146,0
DA:147,0
DA:148,0
DA:149,0
DA:150,2
DA:153,0
DA:154,0
DA:155,0
DA:156,0
DA:157,0
DA:158,0
DA:159,0
DA:160,0
DA:161,0
DA:162,0
DA:163,0
DA:164,0
DA:165,0
DA:166,0
DA:167,1
LF:170
LH:10
end_of_record
TN:
SF:src/routes/f-u.ts
FNF:4
FNH:2
DA:1,35
DA:2,71
DA:3,48
DA:5,30
DA:6,4
DA:7,10
DA:8,27
DA:9,47
DA:10,12
DA:11,18
DA:12,10
DA:13,3
DA:15,3
DA:16,22
DA:17,17
DA:18,5
DA:19,13
DA:20,43
DA:21,35
DA:22,18
DA:23,14
DA:24,40
DA:25,20
DA:26,33
DA:27,32
DA:28,35
DA:29,32
DA:30,12
DA:31,9
DA:32,7
DA:33,5
DA:34,3
DA:35,2
DA:37,2
DA:38,4
DA:39,15
DA:40,0
DA:41,0
DA:42,0
DA:43,0
DA:44,0
DA:45,2
DA:47,3
DA:48,22
DA:49,22
DA:50,5
DA:51,13
DA:52,43
DA:53,35
DA:54,18
DA:55,14
DA:56,35
DA:57,20
DA:58,33
DA:59,32
DA:60,35
DA:61,32
DA:62,12
DA:63,9
DA:64,7
DA:65,5
DA:66,3
DA:67,2
DA:69,2
DA:70,4
DA:71,13
DA:72,0
DA:73,0
DA:74,0
DA:75,0
DA:76,0
DA:77,2
DA:79,3
DA:80,22
DA:81,17
DA:82,5
DA:83,13
DA:84,43
DA:85,40
DA:86,18
DA:87,14
DA:88,47
DA:89,20
DA:90,33
DA:91,32
DA:92,35
DA:93,30
DA:94,32
DA:95,37
DA:96,40
DA:97,35
DA:98,43
DA:99,37
DA:100,14
DA:101,12
DA:102,9
DA:103,7
DA:104,5
DA:105,3
DA:106,2
DA:108,2
LF:109
LH:91
end_of_record
TN:
SF:src/routes/live.ts
FNF:3
FNH:2
DA:1,35
DA:2,59
DA:4,39
DA:5,16
DA:6,18
DA:7,52
DA:8,65
DA:10,3
DA:11,13
DA:12,22
DA:13,41
DA:14,24
DA:15,40
DA:16,7
DA:17,18
DA:18,14
DA:19,104
DA:20,20
DA:21,33
DA:22,32
DA:23,35
DA:24,33
DA:25,42
DA:26,31
DA:27,14
DA:28,12
DA:29,9
DA:30,7
DA:31,5
DA:32,3
DA:33,2
DA:35,6
DA:36,28
DA:37,0
DA:38,0
DA:39,2
DA:41,3
DA:42,13
DA:43,22
DA:44,51
DA:45,24
DA:46,44
DA:47,41
DA:48,7
DA:49,18
DA:50,14
DA:51,64
DA:52,20
DA:53,33
DA:54,32
DA:55,35
DA:56,33
DA:57,12
DA:58,9
DA:59,7
DA:60,5
DA:61,3
DA:62,2
DA:64,2
LF:65
LH:57
end_of_record
TN:
SF:src/static/channel-exceptions.ts
FNF:1
FNH:1
DA:5,28
DA:6,60
DA:7,70
DA:8,58
DA:9,63
DA:10,5
DA:11,34
DA:12,37
DA:13,4
DA:14,65
DA:15,58
DA:16,55
DA:17,59
DA:18,55
DA:19,55
DA:20,55
DA:21,56
DA:22,61
DA:23,54
DA:24,66
DA:25,51
DA:26,59
DA:27,59
DA:28,48
DA:29,59
DA:30,58
DA:31,5
DA:32,27
DA:33,60
DA:34,4
DA:35,5
DA:36,25
DA:37,78
DA:38,4
DA:39,5
DA:40,24
DA:41,75
DA:42,4
DA:43,5
DA:44,25
DA:45,75
DA:46,4
DA:47,5
DA:48,27
DA:49,75
DA:50,4
DA:51,5
DA:52,24
DA:53,75
DA:54,4
DA:55,5
DA:56,24
DA:57,75
DA:58,4
DA:59,5
DA:60,23
DA:61,75
DA:62,4
DA:63,55
DA:64,5
DA:65,28
DA:66,78
DA:67,4
DA:68,67
DA:69,71
DA:70,61
DA:71,55
DA:72,63
DA:73,5
DA:74,24
DA:75,81
DA:76,4
DA:77,5
DA:78,27
DA:79,78
DA:80,4
DA:81,5
DA:82,25
DA:83,78
DA:84,4
DA:85,58
DA:86,5
DA:87,33
DA:88,81
DA:89,4
DA:90,70
DA:91,58
DA:92,5
DA:93,22
DA:94,78
DA:95,4
DA:96,51
DA:97,5
DA:98,20
DA:99,81
DA:100,4
DA:101,5
DA:102,24
DA:103,81
DA:104,4
DA:105,5
DA:106,22
DA:107,81
DA:108,4
DA:109,65
DA:110,51
DA:111,5
DA:112,25
DA:113,81
DA:114,4
DA:115,5
DA:116,26
DA:117,75
DA:118,4
DA:119,5
DA:120,22
DA:121,81
DA:122,4
DA:123,5
DA:124,24
DA:125,75
DA:126,4
DA:127,5
DA:128,25
DA:129,81
DA:130,4
DA:131,5
DA:132,27
DA:133,81
DA:134,4
DA:135,55
DA:136,57
DA:137,5
DA:138,20
DA:139,81
DA:140,4
DA:141,5
DA:142,26
DA:143,81
DA:144,4
DA:145,5
DA:146,25
DA:147,81
DA:148,4
DA:149,5
DA:150,25
DA:151,81
DA:152,4
DA:153,5
DA:154,20
DA:155,81
DA:156,4
DA:157,5
DA:158,26
DA:159,81
DA:160,4
DA:161,5
DA:162,23
DA:163,81
DA:164,4
DA:165,5
DA:166,29
DA:167,81
DA:168,4
DA:169,51
DA:170,5
DA:171,29
DA:172,81
DA:173,4
DA:174,53
DA:175,5
DA:176,22
DA:177,81
DA:178,4
DA:179,5
DA:180,24
DA:181,81
DA:182,4
DA:183,5
DA:184,24
DA:185,81
DA:186,4
DA:187,5
DA:188,23
DA:189,81
DA:190,4
DA:191,61
DA:192,5
DA:193,26
DA:194,81
DA:195,4
DA:196,5
DA:197,28
DA:198,81
DA:199,4
DA:200,5
DA:201,20
DA:202,81
DA:203,4
DA:204,60
DA:205,5
DA:206,21
DA:207,75
DA:208,4
DA:209,5
DA:210,24
DA:211,75
DA:212,4
DA:213,5
DA:214,20
DA:215,81
DA:216,4
DA:217,5
DA:218,23
DA:219,81
DA:220,4
DA:221,5
DA:222,23
DA:223,81
DA:224,4
DA:225,5
DA:226,25
DA:227,81
DA:228,4
DA:229,5
DA:230,26
DA:231,75
DA:232,4
DA:233,5
DA:234,28
DA:235,75
DA:236,4
DA:237,57
DA:238,5
DA:239,28
DA:240,75
DA:241,4
DA:242,64
DA:243,5
DA:244,22
DA:245,75
DA:246,4
DA:247,63
DA:248,5
DA:249,25
DA:250,75
DA:251,4
DA:252,5
DA:253,26
DA:254,75
DA:255,4
DA:256,5
DA:257,26
DA:258,75
DA:259,4
DA:260,5
DA:261,25
DA:262,49
DA:263,4
DA:264,5
DA:265,25
DA:266,75
DA:267,4
DA:268,58
DA:269,5
DA:270,23
DA:271,75
DA:272,2
DA:273,1
LF:274
LH:269
end_of_record
TN:
SF:src/static/dwr.ts
FNF:1
FNH:1
DA:1,278553
LF:10002
LH:1
end_of_record
TN:
SF:src/static/mvr.ts
FNF:1
FNH:1
DA:1,519535
LF:2108
LH:1
end_of_record
